
2018-02-08 17:15:58...installerHook: Could not find custom/install/install_hooks.php
2018-02-08 17:16:25...installerHook: Could not find custom/install/install_hooks.php
2018-02-08 17:16:32...Begin System Check Process *************
2018-02-08 17:16:32...XML Parsing Support Found
2018-02-08 17:16:32...MBString Support Found
2018-02-08 17:16:32...ZIP Support Found
2018-02-08 17:16:32.../custom directory and subdirectory check passed
2018-02-08 17:16:32...cache directory and subdirectory check passed
2018-02-08 17:16:34.../module  directory and subdirectory check passed
2018-02-08 17:16:34.../upload directory check passed
2018-02-08 17:16:34.../zip check passed
2018-02-08 17:16:34...PCRE version check passed
2018-02-08 17:16:34...installerHook: Could not find custom/install/install_hooks.php
2018-02-08 17:16:34...php.ini location found. E:\xampp\php\php.ini
2018-02-08 17:16:34...Outputting HTML for System check
2018-02-08 17:16:34...No Errors were found *************
2018-02-08 17:16:34...installerHook: Could not find custom/install/install_hooks.php
2018-02-08 17:16:40...installerHook: Could not find custom/install/install_hooks.php
2018-02-08 17:24:13...Begin DB Check Process *************
2018-02-08 17:24:13...testing with mysql:mysqli
2018-02-08 17:24:13...Basic form info is valid, continuing Process.
2018-02-08 17:24:13...Testing user account...
2018-02-08 17:24:13...Connection made using  host: localhost, usr: root
2018-02-08 17:24:13...SUCCESS:: no errors detected!
2018-02-08 17:24:13...End DB Check Process *************
2018-02-08 17:24:14...installerHook: Could not find custom/install/install_hooks.php
2018-02-08 17:24:14...calling handleSugarConfig()
2018-02-08 17:24:14...calling handleHtaccess()
2018-02-08 17:24:14...calling handleDbCreateDatabase()
2018-02-08 17:24:16...looping through all the Beans and create their tables
2018-02-08 17:24:16...processing table acl_actions
2018-02-08 17:24:17...creating table acl_actions
2018-02-08 17:24:17...creating Relationship Meta for ACLAction
2018-02-08 17:24:17...processing table acl_roles
2018-02-08 17:24:17...creating table acl_roles
2018-02-08 17:24:17...creating Relationship Meta for ACLRole
2018-02-08 17:24:17...processing table relationships
2018-02-08 17:24:17...creating table relationships
2018-02-08 17:24:17...creating Relationship Meta for Relationship
2018-02-08 17:24:18...processing table leads
2018-02-08 17:24:19...creating table leads
2018-02-08 17:24:19...creating Relationship Meta for Lead
2018-02-08 17:24:19...processing table cases
2018-02-08 17:24:20...creating table cases
2018-02-08 17:24:20...creating Relationship Meta for Case
2018-02-08 17:24:20...processing table bugs
2018-02-08 17:24:22...creating table bugs
2018-02-08 17:24:22...creating Relationship Meta for Bug
2018-02-08 17:24:22...processing table users
2018-02-08 17:24:23...creating table users
2018-02-08 17:24:23...creating Relationship Meta for User
2018-02-08 17:24:23...processing table campaign_log
2018-02-08 17:24:24...creating table campaign_log
2018-02-08 17:24:24...creating Relationship Meta for CampaignLog
2018-02-08 17:24:24...processing table project
2018-02-08 17:24:24...creating table project
2018-02-08 17:24:24...creating Relationship Meta for Project
2018-02-08 17:24:25...processing table project_task
2018-02-08 17:24:25...creating table project_task
2018-02-08 17:24:25...creating Relationship Meta for ProjectTask
2018-02-08 17:24:26...processing table campaigns
2018-02-08 17:24:27...creating table campaigns
2018-02-08 17:24:27...creating Relationship Meta for Campaign
2018-02-08 17:24:27...processing table prospect_lists
2018-02-08 17:24:28...creating table prospect_lists
2018-02-08 17:24:28...creating Relationship Meta for ProspectList
2018-02-08 17:24:28...processing table prospects
2018-02-08 17:24:29...creating table prospects
2018-02-08 17:24:29...creating Relationship Meta for Prospect
2018-02-08 17:24:30...processing table email_marketing
2018-02-08 17:24:30...creating table email_marketing
2018-02-08 17:24:30...creating Relationship Meta for EmailMarketing
2018-02-08 17:24:30...processing table campaign_trkrs
2018-02-08 17:24:30...creating table campaign_trkrs
2018-02-08 17:24:30...creating Relationship Meta for CampaignTracker
2018-02-08 17:24:31...processing table releases
2018-02-08 17:24:31...creating table releases
2018-02-08 17:24:31...creating Relationship Meta for Release
2018-02-08 17:24:31...processing table emailman
2018-02-08 17:24:31...creating table emailman
2018-02-08 17:24:31...creating Relationship Meta for EmailMan
2018-02-08 17:24:31...processing table schedulers
2018-02-08 17:24:32...creating table schedulers
2018-02-08 17:24:32...creating Relationship Meta for Scheduler
2018-02-08 17:24:32...processing table job_queue
2018-02-08 17:24:32...creating table job_queue
2018-02-08 17:24:32...creating Relationship Meta for SchedulersJob
2018-02-08 17:24:33...processing table contacts
2018-02-08 17:24:33...creating table contacts
2018-02-08 17:24:33...creating Relationship Meta for Contact
2018-02-08 17:24:34...processing table accounts
2018-02-08 17:24:35...creating table accounts
2018-02-08 17:24:35...creating Relationship Meta for Account
2018-02-08 17:24:35...processing table opportunities
2018-02-08 17:24:36...creating table opportunities
2018-02-08 17:24:36...creating Relationship Meta for Opportunity
2018-02-08 17:24:37...processing table email_templates
2018-02-08 17:24:38...creating table email_templates
2018-02-08 17:24:38...creating Relationship Meta for EmailTemplate
2018-02-08 17:24:38...processing table notes
2018-02-08 17:24:39...creating table notes
2018-02-08 17:24:39...creating Relationship Meta for Note
2018-02-08 17:24:39...processing table calls
2018-02-08 17:24:40...creating table calls
2018-02-08 17:24:40...creating Relationship Meta for Call
2018-02-08 17:24:40...processing table emails
2018-02-08 17:24:41...creating table emails
2018-02-08 17:24:41...creating Relationship Meta for Email
2018-02-08 17:24:41...processing table meetings
2018-02-08 17:24:42...creating table meetings
2018-02-08 17:24:42...creating Relationship Meta for Meeting
2018-02-08 17:24:42...processing table tasks
2018-02-08 17:24:43...creating table tasks
2018-02-08 17:24:43...creating Relationship Meta for Task
2018-02-08 17:24:43...processing table users
2018-02-08 17:24:43...processing table users
2018-02-08 17:24:43...processing table currencies
2018-02-08 17:24:43...creating table currencies
2018-02-08 17:24:43...creating Relationship Meta for Currency
2018-02-08 17:24:43...processing table tracker
2018-02-08 17:24:43...creating table tracker
2018-02-08 17:24:43...creating Relationship Meta for Tracker
2018-02-08 17:24:43...processing table import_maps
2018-02-08 17:24:43...creating table import_maps
2018-02-08 17:24:43...creating Relationship Meta for ImportMap
2018-02-08 17:24:43...processing table users_last_import
2018-02-08 17:24:44...creating table users_last_import
2018-02-08 17:24:44...creating Relationship Meta for UsersLastImport
2018-02-08 17:24:44...processing table config
2018-02-08 17:24:44...creating table config
2018-02-08 17:24:44...creating Relationship Meta for Administration
2018-02-08 17:24:44...processing table upgrade_history
2018-02-08 17:24:44...creating table upgrade_history
2018-02-08 17:24:44...creating Relationship Meta for UpgradeHistory
2018-02-08 17:24:44...processing table vcals
2018-02-08 17:24:45...creating table vcals
2018-02-08 17:24:45...creating Relationship Meta for vCal
2018-02-08 17:24:45...processing table alerts
2018-02-08 17:24:45...creating table alerts
2018-02-08 17:24:45...creating Relationship Meta for Alert
2018-02-08 17:24:46...processing table roles
2018-02-08 17:24:46...creating table roles
2018-02-08 17:24:46...creating Relationship Meta for Role
2018-02-08 17:24:46...processing table documents
2018-02-08 17:24:47...creating table documents
2018-02-08 17:24:47...creating Relationship Meta for Document
2018-02-08 17:24:47...processing table document_revisions
2018-02-08 17:24:47...creating table document_revisions
2018-02-08 17:24:47...creating Relationship Meta for DocumentRevision
2018-02-08 17:24:48...processing table fields_meta_data
2018-02-08 17:24:48...creating table fields_meta_data
2018-02-08 17:24:48...creating Relationship Meta for FieldsMetaData
2018-02-08 17:24:48...processing table inbound_email
2018-02-08 17:24:48...creating table inbound_email
2018-02-08 17:24:48...creating Relationship Meta for InboundEmail
2018-02-08 17:24:48...processing table saved_search
2018-02-08 17:24:49...creating table saved_search
2018-02-08 17:24:49...creating Relationship Meta for SavedSearch
2018-02-08 17:24:49...processing table user_preferences
2018-02-08 17:24:49...creating table user_preferences
2018-02-08 17:24:49...creating Relationship Meta for UserPreference
2018-02-08 17:24:49...processing table 
2018-02-08 17:24:49...processing table email_addresses
2018-02-08 17:24:49...creating table email_addresses
2018-02-08 17:24:49...creating Relationship Meta for EmailAddress
2018-02-08 17:24:49...processing table emails_text
2018-02-08 17:24:49...creating table emails_text
2018-02-08 17:24:49...creating Relationship Meta for EmailText
2018-02-08 17:24:49...processing table spots
2018-02-08 17:24:50...creating table spots
2018-02-08 17:24:50...creating Relationship Meta for Spots
2018-02-08 17:24:50...processing table aobh_businesshours
2018-02-08 17:24:50...creating table aobh_businesshours
2018-02-08 17:24:50...creating Relationship Meta for AOBH_BusinessHours
2018-02-08 17:24:50...processing table sugarfeed
2018-02-08 17:24:51...creating table sugarfeed
2018-02-08 17:24:51...creating Relationship Meta for SugarFeed
2018-02-08 17:24:51...processing table eapm
2018-02-08 17:24:52...creating table eapm
2018-02-08 17:24:52...creating Relationship Meta for EAPM
2018-02-08 17:24:52...processing table oauth_consumer
2018-02-08 17:24:53...creating table oauth_consumer
2018-02-08 17:24:53...creating Relationship Meta for OAuthKey
2018-02-08 17:24:53...processing table oauth_tokens
2018-02-08 17:24:53...creating table oauth_tokens
2018-02-08 17:24:53...creating Relationship Meta for OAuthToken
2018-02-08 17:24:53...processing table am_projecttemplates
2018-02-08 17:24:54...creating table am_projecttemplates
2018-02-08 17:24:54...creating Relationship Meta for AM_ProjectTemplates
2018-02-08 17:24:54...processing table am_tasktemplates
2018-02-08 17:24:55...creating table am_tasktemplates
2018-02-08 17:24:55...creating Relationship Meta for AM_TaskTemplates
2018-02-08 17:24:55...processing table favorites
2018-02-08 17:24:56...creating table favorites
2018-02-08 17:24:56...creating Relationship Meta for Favorites
2018-02-08 17:24:56...processing table aok_knowledge_base_categories
2018-02-08 17:24:57...creating table aok_knowledge_base_categories
2018-02-08 17:24:57...creating Relationship Meta for AOK_Knowledge_Base_Categories
2018-02-08 17:24:57...processing table aok_knowledgebase
2018-02-08 17:24:58...creating table aok_knowledgebase
2018-02-08 17:24:58...creating Relationship Meta for AOK_KnowledgeBase
2018-02-08 17:24:58...processing table reminders
2018-02-08 17:24:58...creating table reminders
2018-02-08 17:24:58...creating Relationship Meta for Reminder
2018-02-08 17:24:58...processing table reminders_invitees
2018-02-08 17:24:59...creating table reminders_invitees
2018-02-08 17:24:59...creating Relationship Meta for Reminder_Invitee
2018-02-08 17:24:59...processing table fp_events
2018-02-08 17:25:00...creating table fp_events
2018-02-08 17:25:00...creating Relationship Meta for FP_events
2018-02-08 17:25:00...processing table fp_event_locations
2018-02-08 17:25:01...creating table fp_event_locations
2018-02-08 17:25:01...creating Relationship Meta for FP_Event_Locations
2018-02-08 17:25:01...processing table aod_indexevent
2018-02-08 17:25:03...creating table aod_indexevent
2018-02-08 17:25:03...creating Relationship Meta for AOD_IndexEvent
2018-02-08 17:25:03...processing table aod_index
2018-02-08 17:25:04...creating table aod_index
2018-02-08 17:25:04...creating Relationship Meta for AOD_Index
2018-02-08 17:25:04...processing table aop_case_events
2018-02-08 17:25:05...creating table aop_case_events
2018-02-08 17:25:05...creating Relationship Meta for AOP_Case_Events
2018-02-08 17:25:05...processing table aop_case_updates
2018-02-08 17:25:07...creating table aop_case_updates
2018-02-08 17:25:07...creating Relationship Meta for AOP_Case_Updates
2018-02-08 17:25:07...processing table aor_reports
2018-02-08 17:25:08...creating table aor_reports
2018-02-08 17:25:08...creating Relationship Meta for AOR_Report
2018-02-08 17:25:09...processing table aor_fields
2018-02-08 17:25:09...creating table aor_fields
2018-02-08 17:25:09...creating Relationship Meta for AOR_Field
2018-02-08 17:25:09...processing table aor_charts
2018-02-08 17:25:10...creating table aor_charts
2018-02-08 17:25:10...creating Relationship Meta for AOR_Chart
2018-02-08 17:25:10...processing table aor_conditions
2018-02-08 17:25:11...creating table aor_conditions
2018-02-08 17:25:11...creating Relationship Meta for AOR_Condition
2018-02-08 17:25:11...processing table aor_scheduled_reports
2018-02-08 17:25:12...creating table aor_scheduled_reports
2018-02-08 17:25:12...creating Relationship Meta for AOR_Scheduled_Reports
2018-02-08 17:25:12...processing table aos_contracts
2018-02-08 17:25:13...creating table aos_contracts
2018-02-08 17:25:13...creating Relationship Meta for AOS_Contracts
2018-02-08 17:25:14...processing table aos_invoices
2018-02-08 17:25:15...creating table aos_invoices
2018-02-08 17:25:15...creating Relationship Meta for AOS_Invoices
2018-02-08 17:25:15...processing table aos_pdf_templates
2018-02-08 17:25:17...creating table aos_pdf_templates
2018-02-08 17:25:17...creating Relationship Meta for AOS_PDF_Templates
2018-02-08 17:25:17...processing table aos_product_categories
2018-02-08 17:25:18...creating table aos_product_categories
2018-02-08 17:25:18...creating Relationship Meta for AOS_Product_Categories
2018-02-08 17:25:18...processing table aos_products
2018-02-08 17:25:20...creating table aos_products
2018-02-08 17:25:20...creating Relationship Meta for AOS_Products
2018-02-08 17:25:20...processing table aos_products_quotes
2018-02-08 17:25:21...creating table aos_products_quotes
2018-02-08 17:25:21...creating Relationship Meta for AOS_Products_Quotes
2018-02-08 17:25:21...processing table aos_line_item_groups
2018-02-08 17:25:22...creating table aos_line_item_groups
2018-02-08 17:25:22...creating Relationship Meta for AOS_Line_Item_Groups
2018-02-08 17:25:22...processing table aos_quotes
2018-02-08 17:25:23...creating table aos_quotes
2018-02-08 17:25:23...creating Relationship Meta for AOS_Quotes
2018-02-08 17:25:23...processing table aow_actions
2018-02-08 17:25:24...creating table aow_actions
2018-02-08 17:25:24...creating Relationship Meta for AOW_Action
2018-02-08 17:25:24...processing table aow_workflow
2018-02-08 17:25:25...creating table aow_workflow
2018-02-08 17:25:25...creating Relationship Meta for AOW_WorkFlow
2018-02-08 17:25:26...processing table aow_processed
2018-02-08 17:25:26...creating table aow_processed
2018-02-08 17:25:26...creating Relationship Meta for AOW_Processed
2018-02-08 17:25:26...processing table aow_conditions
2018-02-08 17:25:26...creating table aow_conditions
2018-02-08 17:25:26...creating Relationship Meta for AOW_Condition
2018-02-08 17:25:27...processing table jjwg_maps
2018-02-08 17:25:27...creating table jjwg_maps
2018-02-08 17:25:27...creating Relationship Meta for jjwg_Maps
2018-02-08 17:25:28...processing table jjwg_markers
2018-02-08 17:25:29...creating table jjwg_markers
2018-02-08 17:25:29...creating Relationship Meta for jjwg_Markers
2018-02-08 17:25:29...processing table jjwg_areas
2018-02-08 17:25:30...creating table jjwg_areas
2018-02-08 17:25:30...creating Relationship Meta for jjwg_Areas
2018-02-08 17:25:30...processing table jjwg_address_cache
2018-02-08 17:25:31...creating table jjwg_address_cache
2018-02-08 17:25:31...creating Relationship Meta for jjwg_Address_Cache
2018-02-08 17:25:31...processing table calls_reschedule
2018-02-08 17:25:33...creating table calls_reschedule
2018-02-08 17:25:33...creating Relationship Meta for Calls_Reschedule
2018-02-08 17:25:33...processing table securitygroups
2018-02-08 17:25:34...creating table securitygroups
2018-02-08 17:25:34...creating Relationship Meta for SecurityGroup
2018-02-08 17:25:34...processing table outbound_email
2018-02-08 17:25:35...creating table outbound_email
2018-02-08 17:25:35...creating Relationship Meta for OutboundEmailAccounts
2018-02-08 17:25:35...processing table templatesectionline
2018-02-08 17:25:36...creating table templatesectionline
2018-02-08 17:25:36...creating Relationship Meta for TemplateSectionLine
2018-02-08 17:25:59...Begin creating Defaults
2018-02-08 17:25:59...insert defaults into config table
2018-02-08 17:25:59...Creating default users
2018-02-08 17:25:59...Creating default scheduler jobs
2018-02-08 17:26:00...Enable SugarFeeds
2018-02-08 17:26:01...Installation has completed *********
2018-02-08 17:26:59...populating the db with seed data
2018-02-08 17:26:59...Save configuration settings..
2018-02-08 17:26:59...save locale
2018-02-08 17:26:59...new Administration
2018-02-08 17:26:59...retrieveSettings
2018-02-08 17:26:59...AdminWizard OFF
2018-02-08 17:26:59...saveConfig
2018-02-08 17:26:59...new Configurator
2018-02-08 17:26:59...populateFromPost
2018-02-08 17:26:59...handleOverride
2018-02-08 17:26:59...addCronAllowedUser
2018-02-08 17:27:01...saveConfig
2018-02-08 17:27:01...new Currency
2018-02-08 17:27:01...retrieve
2018-02-08 17:27:01...DBG: save currency
2018-02-08 17:27:01...Save user settings..
2018-02-08 17:27:01...DBG: SugarThemeRegistry::getDefault
2018-02-08 17:27:01...DBG: require modules/Users/Save.php